c:\users\dell\desktop\c==\poo__g22\poo__g22\x64\debug\vc143.pdb
c:\users\dell\desktop\c==\poo__g22\poo__g22\x64\debug\vc143.idb
c:\users\dell\desktop\c==\poo__g22\poo__g22\x64\debug\main.obj
c:\users\dell\desktop\c==\poo__g22\poo__g22\x64\debug\grid.obj
c:\users\dell\desktop\c==\poo__g22\poo__g22\x64\debug\button.obj
c:\users\dell\desktop\c==\poo__g22\poo__g22\x64\debug\game.obj
c:\users\dell\desktop\c==\poo__g22\poo__g22\x64\debug\graphics.obj
c:\users\dell\desktop\c==\poo__g22\poo__g22\x64\debug\console.obj
c:\users\dell\desktop\c==\poo__g22\poo__g22\x64\debug\poo__g22.ilk
c:\users\dell\desktop\c==\poo__g22\poo__g22\x64\debug\consoleview.obj
c:\users\dell\desktop\c==\poo__g22\poo__g22\x64\debug\graphicsview.obj
c:\users\dell\desktop\c==\poo__g22\x64\debug\poo__g22.pdb
c:\users\dell\desktop\c==\poo__g22\x64\debug\poo__g22.exe
c:\users\dell\desktop\c==\poo__g22\poo__g22\x64\debug\poo__g22.tlog\cl.command.1.tlog
c:\users\dell\desktop\c==\poo__g22\poo__g22\x64\debug\poo__g22.tlog\cl.items.tlog
c:\users\dell\desktop\c==\poo__g22\poo__g22\x64\debug\poo__g22.tlog\cl.read.1.tlog
c:\users\dell\desktop\c==\poo__g22\poo__g22\x64\debug\poo__g22.tlog\cl.write.1.tlog
c:\users\dell\desktop\c==\poo__g22\poo__g22\x64\debug\poo__g22.tlog\link.command.1.tlog
c:\users\dell\desktop\c==\poo__g22\poo__g22\x64\debug\poo__g22.tlog\link.read.1.tlog
c:\users\dell\desktop\c==\poo__g22\poo__g22\x64\debug\poo__g22.tlog\link.secondary.1.tlog
c:\users\dell\desktop\c==\poo__g22\poo__g22\x64\debug\poo__g22.tlog\link.write.1.tlog
